<?xml version="1.0" encoding="UTF-8" standalone="no"?>
<testsuite errors="0" failures="5" name="io.cucumber.core.plugin.JUnitFormatter" skipped="0" tests="10" time="71.593">
    <testcase classname="Verify the Ansymo Web application" name="Verify all courses from homepages (names and professors)" time="20.149">
        <failure message="Course Master thesis does not have a professor." type="java.lang.AssertionError"><![CDATA[Given the user is on the Ansymo homepage....................................passed
When the user clicks the "Courses" link in the menu section.................passed
Then the user should see a page with all the courses listed.................passed
And for each course, there should be a page that is loaded and there should be a professor.failed

StackTrace:
java.lang.AssertionError: Course Master thesis does not have a professor.
	at org.junit.Assert.fail(Assert.java:89)
	at org.junit.Assert.assertTrue(Assert.java:42)
	at org.junit.Assert.assertFalse(Assert.java:65)
	at pageObjects.CoursesPage.selectEachCourseAndVerifyDetails(CoursesPage.java:107)
	at stepdefinitions.BrowseCoursesSteps.verifyCourseAndProfessorNames(BrowseCoursesSteps.java:106)
	at ✽.for each course, there should be a page that is loaded and there should be a professor(file:///C:/ST/AnsymoBDD2/src/test/resources/features/BrowseCourses.feature:12)
]]></failure>
    </testcase>
    <testcase classname="Verify the Ansymo Web application" name="Verify Assignment Links in Software Testing Course" time="6.156">
        <system-out><![CDATA[Given the user is on the Software Testing course page.......................passed
When the user sees the links for each assignment............................passed
Then the user should verify the link format of each assignment link.........passed
And the user should verify the document existence of each assignment link...passed
]]></system-out>
    </testcase>
    <testcase classname="Verify the Ansymo Web application" name="Verify Student Groups in Software Testing Course" time="5.688">
        <failure message="The student is not in any group" type="java.lang.AssertionError"><![CDATA[Given the user is on the Software Testing course page.......................passed
When the user says that a student "Luna Geens" belongs to student group 1...passed
Then the user should be in a student group..................................failed
And the user should receive a warning when he does not belong to that student group number.skipped

StackTrace:
java.lang.AssertionError: The student is not in any group
	at org.junit.Assert.fail(Assert.java:89)
	at org.junit.Assert.assertTrue(Assert.java:42)
	at org.junit.Assert.assertFalse(Assert.java:65)
	at stepdefinitions.BrowseCoursesSteps.theUserShouldBeInAStudentGroup(BrowseCoursesSteps.java:162)
	at ✽.the user should be in a student group(file:///C:/ST/AnsymoBDD2/src/test/resources/features/BrowseCourses.feature:28)
]]></failure>
    </testcase>
    <testcase classname="Verify the Ansymo Web application" name="Verify Student Groups in Software Testing Course 2" time="5.983">
        <failure message="The student is not in any group" type="java.lang.AssertionError"><![CDATA[Given the user is on the Software Testing course page.......................passed
When the user says that a student "Luna Geens" belongs to student group 2...passed
Then the user should be in a student group..................................failed
And the user should receive a warning when he does not belong to that student group number.skipped

StackTrace:
java.lang.AssertionError: The student is not in any group
	at org.junit.Assert.fail(Assert.java:89)
	at org.junit.Assert.assertTrue(Assert.java:42)
	at org.junit.Assert.assertFalse(Assert.java:65)
	at stepdefinitions.BrowseCoursesSteps.theUserShouldBeInAStudentGroup(BrowseCoursesSteps.java:162)
	at ✽.the user should be in a student group(file:///C:/ST/AnsymoBDD2/src/test/resources/features/BrowseCourses.feature:28)
]]></failure>
    </testcase>
    <testcase classname="Verify the Ansymo Web application" name="Verify Student Groups in Software Testing Course 3" time="5.13">
        <failure message="The student is not in any group" type="java.lang.AssertionError"><![CDATA[Given the user is on the Software Testing course page.......................passed
When the user says that a student "Luna Geens" belongs to student group 3...passed
Then the user should be in a student group..................................failed
And the user should receive a warning when he does not belong to that student group number.skipped

StackTrace:
java.lang.AssertionError: The student is not in any group
	at org.junit.Assert.fail(Assert.java:89)
	at org.junit.Assert.assertTrue(Assert.java:42)
	at org.junit.Assert.assertFalse(Assert.java:65)
	at stepdefinitions.BrowseCoursesSteps.theUserShouldBeInAStudentGroup(BrowseCoursesSteps.java:162)
	at ✽.the user should be in a student group(file:///C:/ST/AnsymoBDD2/src/test/resources/features/BrowseCourses.feature:28)
]]></failure>
    </testcase>
    <testcase classname="Verify the Ansymo Web application" name="Verify Student Groups in Software Testing Course 4" time="5.192">
        <failure message="The student is not in any group" type="java.lang.AssertionError"><![CDATA[Given the user is on the Software Testing course page.......................passed
When the user says that a student " Thimoty Smet" belongs to student group 1.passed
Then the user should be in a student group..................................failed
And the user should receive a warning when he does not belong to that student group number.skipped

StackTrace:
java.lang.AssertionError: The student is not in any group
	at org.junit.Assert.fail(Assert.java:89)
	at org.junit.Assert.assertTrue(Assert.java:42)
	at org.junit.Assert.assertFalse(Assert.java:65)
	at stepdefinitions.BrowseCoursesSteps.theUserShouldBeInAStudentGroup(BrowseCoursesSteps.java:162)
	at ✽.the user should be in a student group(file:///C:/ST/AnsymoBDD2/src/test/resources/features/BrowseCourses.feature:28)
]]></failure>
    </testcase>
    <testcase classname="Verify the Ansymo Web application" name="Verify Mandatory Presence of a student in Software Testing Course" time="6.099">
        <system-out><![CDATA[Given the user is on the Software Testing course page.......................passed
When the user says that a student "Luna Geens" belongs to student group 1...passed
Then the user should see his mandatory presence as presenter................passed
And the user should see his mandatory presence as opponent..................passed
]]></system-out>
    </testcase>
    <testcase classname="Verify the Ansymo Web application" name="Verify Mandatory Presence of a student in Software Testing Course 2" time="5.485">
        <system-out><![CDATA[Given the user is on the Software Testing course page.......................passed
When the user says that a student "Luna Geens" belongs to student group 2...passed
Then the user should see his mandatory presence as presenter................passed
And the user should see his mandatory presence as opponent..................passed
]]></system-out>
    </testcase>
    <testcase classname="Verify the Ansymo Web application" name="Verify Mandatory Presence of a student in Software Testing Course 3" time="5.291">
        <system-out><![CDATA[Given the user is on the Software Testing course page.......................passed
When the user says that a student "Luna Geens" belongs to student group 3...passed
Then the user should see his mandatory presence as presenter................passed
And the user should see his mandatory presence as opponent..................passed
]]></system-out>
    </testcase>
    <testcase classname="Verify the Ansymo Web application" name="Verify Mandatory Presence of a student in Software Testing Course 4" time="5.635">
        <system-out><![CDATA[Given the user is on the Software Testing course page.......................passed
When the user says that a student " Thimoty Smet" belongs to student group 1.passed
Then the user should see his mandatory presence as presenter................passed
And the user should see his mandatory presence as opponent..................passed
]]></system-out>
    </testcase>
</testsuite>
