-------------------------------------------------------------------------------
Test set: runners.RunnerTest
-------------------------------------------------------------------------------
Tests run: 10, Failures: 3, Errors: 0, Skipped: 0, Time elapsed: 58.504 sec <<< FAILURE!
Verify all courses from homepages (names and professors)(Verify the Ansymo Web application)  Time elapsed: 19.129 sec  <<< FAILURE!
java.lang.AssertionError: The course Master thesis has no professor.
	at org.junit.Assert.fail(Assert.java:89)
	at org.junit.Assert.assertTrue(Assert.java:42)
	at pageObjects.CoursesPage.verifyCourseDetailsForAllCourses(CoursesPage.java:125)
	at stepdefinitions.BrowseCoursesSteps.verifyCourseDetailsForAllCourses(BrowseCoursesSteps.java:94)
	at ✽.for each course, there should be a page that is loaded and there should be a professor(file:///C:/ST/AnsymoBDD2/src/test/resources/features/Ansymore.feature:12)

Verify Student Groups in Software Testing Course #5(Verify the Ansymo Web application)  Time elapsed: 3.95 sec  <<< FAILURE!
java.lang.AssertionError: The student is not in any group.
	at org.junit.Assert.fail(Assert.java:89)
	at org.junit.Assert.assertTrue(Assert.java:42)
	at stepdefinitions.BrowseSoftwareTestingSteps.verifyStudentGroupMembership(BrowseSoftwareTestingSteps.java:121)
	at ✽.the user should be in a student group(file:///C:/ST/AnsymoBDD2/src/test/resources/features/Ansymore.feature:28)

Verify Mandatory Presence of a student in Software Testing Course #3(Verify the Ansymo Web application)  Time elapsed: 4.062 sec  <<< FAILURE!
java.lang.AssertionError: The student is not in any group
	at org.junit.Assert.fail(Assert.java:89)
	at org.junit.Assert.assertTrue(Assert.java:42)
	at stepdefinitions.BrowseSoftwareTestingSteps.presencePresenter(BrowseSoftwareTestingSteps.java:154)
	at ✽.the user should see his mandatory presence as presenter(file:///C:/ST/AnsymoBDD2/src/test/resources/features/Ansymore.feature:43)

