-------------------------------------------------------------------------------
Test set: runners.RunnerTest
-------------------------------------------------------------------------------
Tests run: 1, Failures: 0, Errors: 1, Skipped: 0, Time elapsed: 1.976 sec <<< FAILURE!
runners.RunnerTest  Time elapsed: 1.975 sec  <<< ERROR!
io.cucumber.java.InvalidMethodSignatureException: A method annotated with BeforeAll or AfterAll must have one of these signatures:
 * public static void before_or_after_all()
at stepdefinitions.Hooks.tearDown()


	at io.cucumber.java.InvalidMethodSignatureException$InvalidMethodSignatureExceptionBuilder.build(InvalidMethodSignatureException.java:52)
	at io.cucumber.java.JavaStaticHookDefinition.createInvalidSignatureException(JavaStaticHookDefinition.java:44)
	at io.cucumber.java.JavaStaticHookDefinition.requireValidMethod(JavaStaticHookDefinition.java:28)
	at io.cucumber.java.JavaStaticHookDefinition.<init>(JavaStaticHookDefinition.java:17)
	at io.cucumber.java.GlueAdaptor.addDefinition(GlueAdaptor.java:37)
	at io.cucumber.java.JavaBackend.lambda$loadGlue$1(JavaBackend.java:42)
	at io.cucumber.java.MethodScanner.scan(MethodScanner.java:67)
	at io.cucumber.java.MethodScanner.scan(MethodScanner.java:58)
	at io.cucumber.java.MethodScanner.scan(MethodScanner.java:33)
	at io.cucumber.java.JavaBackend.lambda$loadGlue$2(JavaBackend.java:40)
	at java.base/java.util.stream.ForEachOps$ForEachOp$OfRef.accept(ForEachOps.java:183)
	at java.base/java.util.ArrayList$ArrayListSpliterator.forEachRemaining(ArrayList.java:1625)
	at java.base/java.util.stream.ReferencePipeline$Head.forEach(ReferencePipeline.java:762)
	at java.base/java.util.stream.ReferencePipeline$7$1.accept(ReferencePipeline.java:276)
	at java.base/java.util.stream.ReferencePipeline$3$1.accept(ReferencePipeline.java:197)
	at java.base/java.util.stream.ReferencePipeline$3$1.accept(ReferencePipeline.java:197)
	at java.base/java.util.stream.ReferencePipeline$2$1.accept(ReferencePipeline.java:179)
	at java.base/java.util.ArrayList$ArrayListSpliterator.forEachRemaining(ArrayList.java:1625)
	at java.base/java.util.stream.AbstractPipeline.copyInto(AbstractPipeline.java:509)
	at java.base/java.util.stream.AbstractPipeline.wrapAndCopyInto(AbstractPipeline.java:499)
	at java.base/java.util.stream.ForEachOps$ForEachOp.evaluateSequential(ForEachOps.java:150)
	at java.base/java.util.stream.ForEachOps$ForEachOp$OfRef.evaluateSequential(ForEachOps.java:173)
	at java.base/java.util.stream.AbstractPipeline.evaluate(AbstractPipeline.java:234)
	at java.base/java.util.stream.ReferencePipeline.forEach(ReferencePipeline.java:596)
	at io.cucumber.java.JavaBackend.loadGlue(JavaBackend.java:40)
	at io.cucumber.core.runner.Runner.<init>(Runner.java:56)
	at io.cucumber.core.runtime.ThreadLocalRunnerSupplier.createRunner(ThreadLocalRunnerSupplier.java:47)
	at java.base/java.lang.ThreadLocal$SuppliedThreadLocal.initialValue(ThreadLocal.java:305)
	at java.base/java.lang.ThreadLocal.setInitialValue(ThreadLocal.java:195)
	at java.base/java.lang.ThreadLocal.get(ThreadLocal.java:172)
	at io.cucumber.core.runtime.ThreadLocalRunnerSupplier.get(ThreadLocalRunnerSupplier.java:40)
	at io.cucumber.core.runtime.RethrowingThrowableCollector.executeAndThrow(RethrowingThrowableCollector.java:35)
	at io.cucumber.core.runtime.CucumberExecutionContext.getRunner(CucumberExecutionContext.java:155)
	at io.cucumber.core.runtime.CucumberExecutionContext.runAfterAllHooks(CucumberExecutionContext.java:111)
	at io.cucumber.junit.Cucumber$RunAfterAllHooks.evaluate(Cucumber.java:283)
	at io.cucumber.junit.Cucumber$StartTestRun.evaluate(Cucumber.java:233)
	at io.cucumber.junit.Cucumber$FinishTestRun.evaluate(Cucumber.java:248)
	at org.junit.runners.ParentRunner$3.evaluate(ParentRunner.java:306)
	at org.junit.runners.ParentRunner.run(ParentRunner.java:413)
	at org.apache.maven.surefire.junit4.JUnit4Provider.execute(JUnit4Provider.java:252)
	at org.apache.maven.surefire.junit4.JUnit4Provider.executeTestSet(JUnit4Provider.java:141)
	at org.apache.maven.surefire.junit4.JUnit4Provider.invoke(JUnit4Provider.java:112)
	at java.base/jdk.internal.reflect.NativeMethodAccessorImpl.invoke0(Native Method)
	at java.base/jdk.internal.reflect.NativeMethodAccessorImpl.invoke(NativeMethodAccessorImpl.java:77)
	at java.base/jdk.internal.reflect.DelegatingMethodAccessorImpl.invoke(DelegatingMethodAccessorImpl.java:43)
	at java.base/java.lang.reflect.Method.invoke(Method.java:568)
	at org.apache.maven.surefire.util.ReflectionUtils.invokeMethodWithArray(ReflectionUtils.java:189)
	at org.apache.maven.surefire.booter.ProviderFactory$ProviderProxy.invoke(ProviderFactory.java:165)
	at org.apache.maven.surefire.booter.ProviderFactory.invokeProvider(ProviderFactory.java:85)
	at org.apache.maven.surefire.booter.ForkedBooter.runSuitesInProcess(ForkedBooter.java:115)
	at org.apache.maven.surefire.booter.ForkedBooter.main(ForkedBooter.java:75)

