<?xml version="1.0" encoding="UTF-8"?>
<testsuite xmlns:xsi="http://www.w3.org/2001/XMLSchema-instance" xsi:noNamespaceSchemaLocation="https://maven.apache.org/surefire/maven-surefire-plugin/xsd/surefire-test-report.xsd" name="Verify the Ansymo Web application" time="38.383" tests="9" errors="0" skipped="0" failures="2">
  <properties>
[...]
</properties>
  <testcase name="Verify the Ansymo Web application - Verify Assignment Links in Software Testing Course" classname="Verify the Ansymo Web application" time="6.352"/>
  <testcase name="Verify the Ansymo Web application - Verify Student Groups in Software Testing Course - Examples - Example #1.1" classname="Verify the Ansymo Web application - Verify Student Groups in Software Testing Course - Examples" time="4.03"/>
  <testcase name="Verify the Ansymo Web application - Verify Student Groups in Software Testing Course - Examples - Example #1.2" classname="Verify the Ansymo Web application - Verify Student Groups in Software Testing Course - Examples" time="4.085"/>
  <testcase name="Verify the Ansymo Web application - Verify Student Groups in Software Testing Course - Examples - Example #1.3" classname="Verify the Ansymo Web application - Verify Student Groups in Software Testing Course - Examples" time="3.907"/>
  <testcase name="Verify the Ansymo Web application - Verify Student Groups in Software Testing Course - Examples - Example #1.4" classname="Verify the Ansymo Web application - Verify Student Groups in Software Testing Course - Examples" time="4.105"/>
  <testcase name="Verify the Ansymo Web application - Verify Student Groups in Software Testing Course - Examples - Example #1.5" classname="Verify the Ansymo Web application - Verify Student Groups in Software Testing Course - Examples" time="3.986">
    <failure message="The student is not in any group. ==&gt; expected: &lt;true&gt; but was: &lt;false&gt;" type="org.opentest4j.AssertionFailedError"><![CDATA[org.opentest4j.AssertionFailedError: The student is not in any group. ==> expected: <true> but was: <false>
]]></failure>
    <system-out><![CDATA[
@CompleteTest @Exercise7
Scenario Outline: Verify Student Groups in Software Testing Course                           &amp#27;[90m# src/test/resources/features/Ansymore.feature:36&amp#27;[0m
  &amp#27;[32mGiven &amp#27;[0m&amp#27;[32mthe user is on the Software Testing course page&amp#27;[0m                                      &amp#27;[90m# stepdefinitions.BrowseSoftwareTestingSteps.navigateToSoftwareTestingPage()&amp#27;[0m
  &amp#27;[32mWhen &amp#27;[0m&amp#27;[32mthe user says that a student &amp#27;[0m&amp#27;[32m&amp#27;[1mMieke Hans&amp#27;[0m&amp#27;[32m belongs to student group &amp#27;[0m&amp#27;[32m&amp#27;[1m2&amp#27;[0m                    &amp#27;[90m# stepdefinitions.BrowseSoftwareTestingSteps.provideStudentGroup(java.lang.String,java.lang.String)&amp#27;[0m
  &amp#27;[31mThen &amp#27;[0m&amp#27;[31mthe user should be in a student group&amp#27;[0m                                                 &amp#27;[90m# stepdefinitions.BrowseSoftwareTestingSteps.verifyStudentGroupMembership()&amp#27;[0m
      &amp#27;[31morg.opentest4j.AssertionFailedError: The student is not in any group. ==> expected: <true> but was: <false>
	at org.junit.jupiter.api.AssertionFailureBuilder.build(AssertionFailureBuilder.java:151)
	at org.junit.jupiter.api.AssertionFailureBuilder.buildAndThrow(AssertionFailureBuilder.java:132)
	at org.junit.jupiter.api.AssertTrue.failNotTrue(AssertTrue.java:63)
	at org.junit.jupiter.api.AssertTrue.assertTrue(AssertTrue.java:36)
	at org.junit.jupiter.api.Assertions.assertTrue(Assertions.java:211)
	at stepdefinitions.BrowseSoftwareTestingSteps.verifyStudentGroupMembership(BrowseSoftwareTestingSteps.java:121)
	at âœ½.the user should be in a student group(file:///C:/ST/AnsymoBDD2/src/test/resources/features/Ansymore.feature:28)
&amp#27;[0m
  &amp#27;[36mAnd &amp#27;[0m&amp#27;[36mthe user should receive a warning when he does not belong to that student group number&amp#27;[0m &amp#27;[90m# stepdefinitions.BrowseSoftwareTestingSteps.verifyStudentGroupWarning()&amp#27;[0m
]]></system-out>
  </testcase>
  <testcase name="Verify the Ansymo Web application - Verify Mandatory Presence of a student in Software Testing Course - Examples - Example #1.1" classname="Verify the Ansymo Web application - Verify Mandatory Presence of a student in Software Testing Course - Examples" time="4.079"/>
  <testcase name="Verify the Ansymo Web application - Verify Mandatory Presence of a student in Software Testing Course - Examples - Example #1.2" classname="Verify the Ansymo Web application - Verify Mandatory Presence of a student in Software Testing Course - Examples" time="3.989"/>
  <testcase name="Verify the Ansymo Web application - Verify Mandatory Presence of a student in Software Testing Course - Examples - Example #1.3" classname="Verify the Ansymo Web application - Verify Mandatory Presence of a student in Software Testing Course - Examples" time="3.85">
    <failure message="The student is not in any group. ==&gt; expected: &lt;true&gt; but was: &lt;false&gt;" type="org.opentest4j.AssertionFailedError"><![CDATA[org.opentest4j.AssertionFailedError: The student is not in any group. ==> expected: <true> but was: <false>
]]></failure>
    <system-out><![CDATA[
@CompleteTest @Exercise8
Scenario Outline: Verify Mandatory Presence of a student in Software Testing Course &amp#27;[90m# src/test/resources/features/Ansymore.feature:49&amp#27;[0m
  &amp#27;[32mGiven &amp#27;[0m&amp#27;[32mthe user is on the Software Testing course page&amp#27;[0m                             &amp#27;[90m# stepdefinitions.BrowseSoftwareTestingSteps.navigateToSoftwareTestingPage()&amp#27;[0m
  &amp#27;[32mWhen &amp#27;[0m&amp#27;[32mthe user says a student &amp#27;[0m&amp#27;[32m&amp#27;[1mMieke Hans&amp#27;[0m                                           &amp#27;[90m# stepdefinitions.BrowseSoftwareTestingSteps.provideStudent(java.lang.String)&amp#27;[0m
  &amp#27;[31mThen &amp#27;[0m&amp#27;[31mthe user should see his mandatory presence as presenter&amp#27;[0m                      &amp#27;[90m# stepdefinitions.BrowseSoftwareTestingSteps.presencePresenter()&amp#27;[0m
      &amp#27;[31morg.opentest4j.AssertionFailedError: The student is not in any group. ==> expected: <true> but was: <false>
	at org.junit.jupiter.api.AssertionFailureBuilder.build(AssertionFailureBuilder.java:151)
	at org.junit.jupiter.api.AssertionFailureBuilder.buildAndThrow(AssertionFailureBuilder.java:132)
	at org.junit.jupiter.api.AssertTrue.failNotTrue(AssertTrue.java:63)
	at org.junit.jupiter.api.AssertTrue.assertTrue(AssertTrue.java:36)
	at org.junit.jupiter.api.Assertions.assertTrue(Assertions.java:211)
	at stepdefinitions.BrowseSoftwareTestingSteps.presencePresenter(BrowseSoftwareTestingSteps.java:154)
	at âœ½.the user should see his mandatory presence as presenter(file:///C:/ST/AnsymoBDD2/src/test/resources/features/Ansymore.feature:43)
&amp#27;[0m
  &amp#27;[36mAnd &amp#27;[0m&amp#27;[36mthe user should see his mandatory presence as opponent&amp#27;[0m                        &amp#27;[90m# stepdefinitions.BrowseSoftwareTestingSteps.presenceOpponent()&amp#27;[0m
]]></system-out>
  </testcase>
</testsuite>