<?xml version="1.0" encoding="UTF-8" ?>
<testsuite tests="10" failures="5" name="runners.RunnerTest" time="72.106" errors="0" skipped="0">
  <properties>
[...]
</properties>
  <testcase classname="Verify the Ansymo Web application" name="Verify all courses from homepages (names and professors)" time="20.288">
    <failure message="Course Master thesis does not have a professor." type="java.lang.AssertionError">java.lang.AssertionError: Course Master thesis does not have a professor.
	at org.junit.Assert.fail(Assert.java:89)
	at org.junit.Assert.assertTrue(Assert.java:42)
	at org.junit.Assert.assertFalse(Assert.java:65)
	at pageObjects.CoursesPage.selectEachCourseAndVerifyDetails(CoursesPage.java:111)
	at stepdefinitions.BrowseCoursesSteps.verifyCourseAndProfessorNames(BrowseCoursesSteps.java:106)
	at ✽.for each course, there should be a page that is loaded and there should be a professor(file:///C:/ST/AnsymoBDD2/src/test/resources/features/BrowseCourses.feature:12)
</failure>
    <system-out>When using an old version of firefox, specify path to geckodriver in Configuration file.
This means there is a need for an additional geckodriver (such as installed in for windows 64 in the drivers directory). 
Adjust the code in WebDriverManager.java as follows:
add line: System.set.Property(webdriver.chrome.driver; FileReaderManager.getInstance().getConfigReader.getDriverPath()) before initializing new driver

@CompleteTest @Exercise5
Scenario Outline: Verify all courses from homepages (names and professors)                   # src/test/resources/features/BrowseCourses.feature:15
------------------------------------------------------start of scenario------------------------------------------------------
  Given the user is on the Ansymo homepage                                                   # stepdefinitions.BrowseCoursesSteps.navigateToHomepage()
  When the user clicks the &quot;Courses&quot; link in the menu section                                # stepdefinitions.BrowseCoursesSteps.clickCoursesLink(java.lang.String)
  Then the user should see a page with all the courses listed                                # stepdefinitions.BrowseCoursesSteps.verifyCoursesPage()
For the course Master thesis:
The professor(s), if any, is : None
  And for each course, there should be a page that is loaded and there should be a professor # stepdefinitions.BrowseCoursesSteps.verifyCourseAndProfessorNames()
      java.lang.AssertionError: Course Master thesis does not have a professor.
	at org.junit.Assert.fail(Assert.java:89)
	at org.junit.Assert.assertTrue(Assert.java:42)
	at org.junit.Assert.assertFalse(Assert.java:65)
	at pageObjects.CoursesPage.selectEachCourseAndVerifyDetails(CoursesPage.java:111)
	at stepdefinitions.BrowseCoursesSteps.verifyCourseAndProfessorNames(BrowseCoursesSteps.java:106)
	at ✽.for each course, there should be a page that is loaded and there should be a professor(file:///C:/ST/AnsymoBDD2/src/test/resources/features/BrowseCourses.feature:12)

------------------------------------------------------end of scenario------------------------------------------------------
</system-out>
    <system-err>SLF4J: Failed to load class &quot;org.slf4j.impl.StaticLoggerBinder&quot;.
SLF4J: Defaulting to no-operation (NOP) logger implementation
SLF4J: See http://www.slf4j.org/codes.html#StaticLoggerBinder for further details.
1685194379423	geckodriver	INFO	Listening on 127.0.0.1:61743
1685194380357	mozrunner::runner	INFO	Running command: &quot;C:\\Program Files\\Mozilla Firefox\\firefox.exe&quot; &quot;--marionette&quot; &quot;-headless&quot; &quot;--remote-debugging-port&quot; &quot;5491 ... ow-origins&quot; &quot;http://localhost:54911/&quot; &quot;-no-remote&quot; &quot;-profile&quot; &quot;C:\\Users\\lunag\\AppData\\Local\\Temp\\rust_mozprofiletIyGLY&quot;
*** You are running in headless mode.
console.warn: services.settings: Ignoring preference override of remote settings server
console.warn: services.settings: Allow by setting MOZ_REMOTE_SETTINGS_DEVTOOLS=1 in the environment
1685194381541	Marionette	INFO	Marionette enabled
Dynamically enable window occlusion 0
1685194381566	Marionette	INFO	Listening on port 50052
Read port: 50052
WebDriver BiDi listening on ws://127.0.0.1:54911
1685194381871	RemoteAgent	WARN	TLS certificate errors will be ignored for this session
[GFX1-]: RenderCompositorSWGL failed mapping default framebuffer, no dt
[ERROR glean_core] Error setting metrics feature config: Json(Error(&quot;EOF while parsing a value&quot;, line: 1, column: 0))
console.error: ({})
DevTools listening on ws://127.0.0.1:54911/devtools/browser/7926f0d1-39f3-4f43-aeb2-659af5382f99
mei 27, 2023 3:33:04 P.M. org.openqa.selenium.remote.ProtocolHandshake createSession
INFO: Detected upstream dialect: W3C
1685194396645	Marionette	INFO	Stopped listening on port 50052
[Child 26972, Main Thread] WARNING: JSWindowActorChild::SendRawMessage (Conduits, ConduitClosed) not sent: !CanSend() || !mManager || !mManager-&gt;CanSend(): file /builds/worker/checkouts/gecko/dom/ipc/jsactor/JSWindowActorChild.cpp:57
[Child 26972, Main Thread] WARNING: JSWindowActorChild::SendRawMessage (Conduits, ConduitClosed) not sent: !CanSend() || !mManager || !mManager-&gt;CanSend(): file /builds/worker/checkouts/gecko/dom/ipc/jsactor/JSWindowActorChild.cpp:57
[Child 26972, Main Thread] WARNING: JSWindowActorChild::SendRawMessage (Conduits, ConduitClosed) not sent: !CanSend() || !mManager || !mManager-&gt;CanSend(): file /builds/worker/checkouts/gecko/dom/ipc/jsactor/JSWindowActorChild.cpp:57
[Child 26972, Main Thread] WARNING: JSWindowActorChild::SendRawMessage (Conduits, ConduitClosed) not sent: !CanSend() || !mManager || !mManager-&gt;CanSend(): file /builds/worker/checkouts/gecko/dom/ipc/jsactor/JSWindowActorChild.cpp:57
[Child 26972, Main Thread] WARNING: JSWindowActorChild::SendRawMessage (Conduits, ConduitClosed) not sent: !CanSend() || !mManager || !mManager-&gt;CanSend(): file /builds/worker/checkouts/gecko/dom/ipc/jsactor/JSWindowActorChild.cpp:57
[Child 26972, Main Thread] WARNING: JSWindowActorChild::SendRawMessage (Conduits, ConduitClosed) not sent: !CanSend() || !mManager || !mManager-&gt;CanSend(): file /builds/worker/checkouts/gecko/dom/ipc/jsactor/JSWindowActorChild.cpp:57
[Child 26972, Main Thread] WARNING: JSWindowActorChild::SendRawMessage (Conduits, ConduitClosed) not sent: !CanSend() || !mManager || !mManager-&gt;CanSend(): file /builds/worker/checkouts/gecko/dom/ipc/jsactor/JSWindowActorChild.cpp:57
[Child 26972, Main Thread] WARNING: JSWindowActorChild::SendRawMessage (Conduits, ConduitClosed) not sent: !CanSend() || !mManager || !mManager-&gt;CanSend(): file /builds/worker/checkouts/gecko/dom/ipc/jsactor/JSWindowActorChild.cpp:57
Dynamically enable window occlusion 1
</system-err>
  </testcase>
  <testcase classname="Verify the Ansymo Web application" name="Verify Assignment Links in Software Testing Course" time="6.345"/>
  <testcase classname="Verify the Ansymo Web application" name="Verify Student Groups in Software Testing Course #1" time="5.429">
    <failure message="The student is not in any group" type="java.lang.AssertionError">java.lang.AssertionError: The student is not in any group
	at org.junit.Assert.fail(Assert.java:89)
	at org.junit.Assert.assertTrue(Assert.java:42)
	at org.junit.Assert.assertFalse(Assert.java:65)
	at stepdefinitions.BrowseCoursesSteps.theUserShouldBeInAStudentGroup(BrowseCoursesSteps.java:162)
	at ✽.the user should be in a student group(file:///C:/ST/AnsymoBDD2/src/test/resources/features/BrowseCourses.feature:28)
</failure>
    <system-out>
@CompleteTest @Exercise7
Scenario Outline: Verify Student Groups in Software Testing Course                           # src/test/resources/features/BrowseCourses.feature:32
------------------------------------------------------start of scenario------------------------------------------------------
  Given the user is on the Software Testing course page                                      # stepdefinitions.BrowseCoursesSteps.navigateToSoftwareTestingPage()
  When the user says that a student &quot;Luna Geens&quot; belongs to student group 1                  # stepdefinitions.BrowseCoursesSteps.userInput(java.lang.String,java.lang.String)
  Then the user should be in a student group                                                 # stepdefinitions.BrowseCoursesSteps.theUserShouldBeInAStudentGroup()
      java.lang.AssertionError: The student is not in any group
	at org.junit.Assert.fail(Assert.java:89)
	at org.junit.Assert.assertTrue(Assert.java:42)
	at org.junit.Assert.assertFalse(Assert.java:65)
	at stepdefinitions.BrowseCoursesSteps.theUserShouldBeInAStudentGroup(BrowseCoursesSteps.java:162)
	at ✽.the user should be in a student group(file:///C:/ST/AnsymoBDD2/src/test/resources/features/BrowseCourses.feature:28)

  And the user should receive a warning when he does not belong to that student group number # stepdefinitions.BrowseCoursesSteps.theUserIsInThatStudentGroup()
------------------------------------------------------end of scenario------------------------------------------------------
</system-out>
    <system-err>1685194404574	geckodriver	INFO	Listening on 127.0.0.1:64430
1685194404637	mozrunner::runner	INFO	Running command: &quot;C:\\Program Files\\Mozilla Firefox\\firefox.exe&quot; &quot;--marionette&quot; &quot;-headless&quot; &quot;--remote-debugging-port&quot; &quot;6452 ... ow-origins&quot; &quot;http://localhost:64523/&quot; &quot;-no-remote&quot; &quot;-profile&quot; &quot;C:\\Users\\lunag\\AppData\\Local\\Temp\\rust_mozprofileC2YR9v&quot;
*** You are running in headless mode.
console.warn: services.settings: Ignoring preference override of remote settings server
console.warn: services.settings: Allow by setting MOZ_REMOTE_SETTINGS_DEVTOOLS=1 in the environment
1685194405314	Marionette	INFO	Marionette enabled
Dynamically enable window occlusion 0
1685194405338	Marionette	INFO	Listening on port 50320
Read port: 50320
WebDriver BiDi listening on ws://127.0.0.1:64523
1685194405614	RemoteAgent	WARN	TLS certificate errors will be ignored for this session
[GFX1-]: RenderCompositorSWGL failed mapping default framebuffer, no dt
[ERROR glean_core] Error setting metrics feature config: Json(Error(&quot;EOF while parsing a value&quot;, line: 1, column: 0))
console.error: ({})
DevTools listening on ws://127.0.0.1:64523/devtools/browser/a1b4491f-deb8-4cdc-aff5-e812fa60b455
mei 27, 2023 3:33:27 P.M. org.openqa.selenium.remote.ProtocolHandshake createSession
INFO: Detected upstream dialect: W3C
1685194408547	Marionette	INFO	Stopped listening on port 50320
[Child 42392, Main Thread] WARNING: JSWindowActorChild::SendRawMessage (Conduits, ConduitClosed) not sent: !CanSend() || !mManager || !mManager-&gt;CanSend(): file /builds/worker/checkouts/gecko/dom/ipc/jsactor/JSWindowActorChild.cpp:57
[Child 42392, Main Thread] WARNING: JSWindowActorChild::SendRawMessage (Conduits, ConduitClosed) not sent: !CanSend() || !mManager || !mManager-&gt;CanSend(): file /builds/worker/checkouts/gecko/dom/ipc/jsactor/JSWindowActorChild.cpp:57
[Child 42392, Main Thread] WARNING: JSWindowActorChild::SendRawMessage (Conduits, ConduitClosed) not sent: !CanSend() || !mManager || !mManager-&gt;CanSend(): file /builds/worker/checkouts/gecko/dom/ipc/jsactor/JSWindowActorChild.cpp:57
[Child 42392, Main Thread] WARNING: JSWindowActorChild::SendRawMessage (Conduits, ConduitClosed) not sent: !CanSend() || !mManager || !mManager-&gt;CanSend(): file /builds/worker/checkouts/gecko/dom/ipc/jsactor/JSWindowActorChild.cpp:57
[Child 42392, Main Thread] WARNING: JSWindowActorChild::SendRawMessage (Conduits, ConduitClosed) not sent: !CanSend() || !mManager || !mManager-&gt;CanSend(): file /builds/worker/checkouts/gecko/dom/ipc/jsactor/JSWindowActorChild.cpp:57
[Child 42392, Main Thread] WARNING: JSWindowActorChild::SendRawMessage (Conduits, ConduitClosed) not sent: !CanSend() || !mManager || !mManager-&gt;CanSend(): file /builds/worker/checkouts/gecko/dom/ipc/jsactor/JSWindowActorChild.cpp:57
[Child 42392, Main Thread] WARNING: JSWindowActorChild::SendRawMessage (Conduits, ConduitClosed) not sent: !CanSend() || !mManager || !mManager-&gt;CanSend(): file /builds/worker/checkouts/gecko/dom/ipc/jsactor/JSWindowActorChild.cpp:57
[Child 42392, Main Thread] WARNING: JSWindowActorChild::SendRawMessage (Conduits, ConduitClosed) not sent: !CanSend() || !mManager || !mManager-&gt;CanSend(): file /builds/worker/checkouts/gecko/dom/ipc/jsactor/JSWindowActorChild.cpp:57
Dynamically enable window occlusion 1
</system-err>
  </testcase>
  <testcase classname="Verify the Ansymo Web application" name="Verify Student Groups in Software Testing Course #2" time="5.772">
    <failure message="The student is not in any group" type="java.lang.AssertionError">java.lang.AssertionError: The student is not in any group
	at org.junit.Assert.fail(Assert.java:89)
	at org.junit.Assert.assertTrue(Assert.java:42)
	at org.junit.Assert.assertFalse(Assert.java:65)
	at stepdefinitions.BrowseCoursesSteps.theUserShouldBeInAStudentGroup(BrowseCoursesSteps.java:162)
	at ✽.the user should be in a student group(file:///C:/ST/AnsymoBDD2/src/test/resources/features/BrowseCourses.feature:28)
</failure>
    <system-out>
@CompleteTest @Exercise7
Scenario Outline: Verify Student Groups in Software Testing Course                           # src/test/resources/features/BrowseCourses.feature:33
------------------------------------------------------start of scenario------------------------------------------------------
  Given the user is on the Software Testing course page                                      # stepdefinitions.BrowseCoursesSteps.navigateToSoftwareTestingPage()
  When the user says that a student &quot;Luna Geens&quot; belongs to student group 2                  # stepdefinitions.BrowseCoursesSteps.userInput(java.lang.String,java.lang.String)
  Then the user should be in a student group                                                 # stepdefinitions.BrowseCoursesSteps.theUserShouldBeInAStudentGroup()
      java.lang.AssertionError: The student is not in any group
	at org.junit.Assert.fail(Assert.java:89)
	at org.junit.Assert.assertTrue(Assert.java:42)
	at org.junit.Assert.assertFalse(Assert.java:65)
	at stepdefinitions.BrowseCoursesSteps.theUserShouldBeInAStudentGroup(BrowseCoursesSteps.java:162)
	at ✽.the user should be in a student group(file:///C:/ST/AnsymoBDD2/src/test/resources/features/BrowseCourses.feature:28)

  And the user should receive a warning when he does not belong to that student group number # stepdefinitions.BrowseCoursesSteps.theUserIsInThatStudentGroup()
------------------------------------------------------end of scenario------------------------------------------------------
</system-out>
    <system-err>1685194409977	geckodriver	INFO	Listening on 127.0.0.1:62441
1685194410033	mozrunner::runner	INFO	Running command: &quot;C:\\Program Files\\Mozilla Firefox\\firefox.exe&quot; &quot;--marionette&quot; &quot;-headless&quot; &quot;--remote-debugging-port&quot; &quot;5841 ... ow-origins&quot; &quot;http://localhost:58412/&quot; &quot;-no-remote&quot; &quot;-profile&quot; &quot;C:\\Users\\lunag\\AppData\\Local\\Temp\\rust_mozprofileqwcYV2&quot;
*** You are running in headless mode.
console.warn: services.settings: Ignoring preference override of remote settings server
console.warn: services.settings: Allow by setting MOZ_REMOTE_SETTINGS_DEVTOOLS=1 in the environment
1685194410648	Marionette	INFO	Marionette enabled
Dynamically enable window occlusion 0
1685194410660	Marionette	INFO	Listening on port 50423
Read port: 50423
WebDriver BiDi listening on ws://127.0.0.1:58412
1685194410820	RemoteAgent	WARN	TLS certificate errors will be ignored for this session
[GFX1-]: RenderCompositorSWGL failed mapping default framebuffer, no dt
[ERROR glean_core] Error setting metrics feature config: Json(Error(&quot;EOF while parsing a value&quot;, line: 1, column: 0))
console.error: ({})
DevTools listening on ws://127.0.0.1:58412/devtools/browser/02c37363-a7af-46f7-b167-227fe8fcaf9d
mei 27, 2023 3:33:32 P.M. org.openqa.selenium.remote.ProtocolHandshake createSession
INFO: Detected upstream dialect: W3C
1685194413817	Marionette	INFO	Stopped listening on port 50423
[Child 19452, Main Thread] WARNING: JSWindowActorChild::SendRawMessage (Conduits, ConduitClosed) not sent: !CanSend() || !mManager || !mManager-&gt;CanSend(): file /builds/worker/checkouts/gecko/dom/ipc/jsactor/JSWindowActorChild.cpp:57
[Child 19452, Main Thread] WARNING: JSWindowActorChild::SendRawMessage (Conduits, ConduitClosed) not sent: !CanSend() || !mManager || !mManager-&gt;CanSend(): file /builds/worker/checkouts/gecko/dom/ipc/jsactor/JSWindowActorChild.cpp:57
[Child 19452, Main Thread] WARNING: JSWindowActorChild::SendRawMessage (Conduits, ConduitClosed) not sent: !CanSend() || !mManager || !mManager-&gt;CanSend(): file /builds/worker/checkouts/gecko/dom/ipc/jsactor/JSWindowActorChild.cpp:57
[Child 19452, Main Thread] WARNING: JSWindowActorChild::SendRawMessage (Conduits, ConduitClosed) not sent: !CanSend() || !mManager || !mManager-&gt;CanSend(): file /builds/worker/checkouts/gecko/dom/ipc/jsactor/JSWindowActorChild.cpp:57
[Child 19452, Main Thread] WARNING: JSWindowActorChild::SendRawMessage (Conduits, ConduitClosed) not sent: !CanSend() || !mManager || !mManager-&gt;CanSend(): file /builds/worker/checkouts/gecko/dom/ipc/jsactor/JSWindowActorChild.cpp:57
[Child 19452, Main Thread] WARNING: JSWindowActorChild::SendRawMessage (Conduits, ConduitClosed) not sent: !CanSend() || !mManager || !mManager-&gt;CanSend(): file /builds/worker/checkouts/gecko/dom/ipc/jsactor/JSWindowActorChild.cpp:57
[Child 19452, Main Thread] WARNING: JSWindowActorChild::SendRawMessage (Conduits, ConduitClosed) not sent: !CanSend() || !mManager || !mManager-&gt;CanSend(): file /builds/worker/checkouts/gecko/dom/ipc/jsactor/JSWindowActorChild.cpp:57
[Child 19452, Main Thread] WARNING: JSWindowActorChild::SendRawMessage (Conduits, ConduitClosed) not sent: !CanSend() || !mManager || !mManager-&gt;CanSend(): file /builds/worker/checkouts/gecko/dom/ipc/jsactor/JSWindowActorChild.cpp:57
Dynamically enable window occlusion 1
</system-err>
  </testcase>
  <testcase classname="Verify the Ansymo Web application" name="Verify Student Groups in Software Testing Course #3" time="6.574">
    <failure message="The student is not in any group" type="java.lang.AssertionError">java.lang.AssertionError: The student is not in any group
	at org.junit.Assert.fail(Assert.java:89)
	at org.junit.Assert.assertTrue(Assert.java:42)
	at org.junit.Assert.assertFalse(Assert.java:65)
	at stepdefinitions.BrowseCoursesSteps.theUserShouldBeInAStudentGroup(BrowseCoursesSteps.java:162)
	at ✽.the user should be in a student group(file:///C:/ST/AnsymoBDD2/src/test/resources/features/BrowseCourses.feature:28)
</failure>
    <system-out>
@CompleteTest @Exercise7
Scenario Outline: Verify Student Groups in Software Testing Course                           # src/test/resources/features/BrowseCourses.feature:34
------------------------------------------------------start of scenario------------------------------------------------------
  Given the user is on the Software Testing course page                                      # stepdefinitions.BrowseCoursesSteps.navigateToSoftwareTestingPage()
  When the user says that a student &quot;Luna Geens&quot; belongs to student group 3                  # stepdefinitions.BrowseCoursesSteps.userInput(java.lang.String,java.lang.String)
  Then the user should be in a student group                                                 # stepdefinitions.BrowseCoursesSteps.theUserShouldBeInAStudentGroup()
      java.lang.AssertionError: The student is not in any group
	at org.junit.Assert.fail(Assert.java:89)
	at org.junit.Assert.assertTrue(Assert.java:42)
	at org.junit.Assert.assertFalse(Assert.java:65)
	at stepdefinitions.BrowseCoursesSteps.theUserShouldBeInAStudentGroup(BrowseCoursesSteps.java:162)
	at ✽.the user should be in a student group(file:///C:/ST/AnsymoBDD2/src/test/resources/features/BrowseCourses.feature:28)

  And the user should receive a warning when he does not belong to that student group number # stepdefinitions.BrowseCoursesSteps.theUserIsInThatStudentGroup()
------------------------------------------------------end of scenario------------------------------------------------------
</system-out>
    <system-err>1685194415746	geckodriver	INFO	Listening on 127.0.0.1:49558
1685194415798	mozrunner::runner	INFO	Running command: &quot;C:\\Program Files\\Mozilla Firefox\\firefox.exe&quot; &quot;--marionette&quot; &quot;-headless&quot; &quot;--remote-debugging-port&quot; &quot;5735 ... ow-origins&quot; &quot;http://localhost:57359/&quot; &quot;-no-remote&quot; &quot;-profile&quot; &quot;C:\\Users\\lunag\\AppData\\Local\\Temp\\rust_mozprofilecisYiT&quot;
*** You are running in headless mode.
console.warn: services.settings: Ignoring preference override of remote settings server
console.warn: services.settings: Allow by setting MOZ_REMOTE_SETTINGS_DEVTOOLS=1 in the environment
1685194416391	Marionette	INFO	Marionette enabled
Dynamically enable window occlusion 0
1685194416403	Marionette	INFO	Listening on port 50508
Read port: 50508
WebDriver BiDi listening on ws://127.0.0.1:57359
1685194416599	RemoteAgent	WARN	TLS certificate errors will be ignored for this session
[GFX1-]: RenderCompositorSWGL failed mapping default framebuffer, no dt
[ERROR glean_core] Error setting metrics feature config: Json(Error(&quot;EOF while parsing a value&quot;, line: 1, column: 0))
console.error: ({})
DevTools listening on ws://127.0.0.1:57359/devtools/browser/f7ccaa4f-d905-4a37-bdb5-5db02c7eb626
mei 27, 2023 3:33:39 P.M. org.openqa.selenium.remote.ProtocolHandshake createSession
INFO: Detected upstream dialect: W3C
1685194420392	Marionette	INFO	Stopped listening on port 50508
[Child 39368, Main Thread] WARNING: JSWindowActorChild::SendRawMessage (Conduits, ConduitClosed) not sent: !CanSend() || !mManager || !mManager-&gt;CanSend(): file /builds/worker/checkouts/gecko/dom/ipc/jsactor/JSWindowActorChild.cpp:57
[Child 39368, Main Thread] WARNING: JSWindowActorChild::SendRawMessage (Conduits, ConduitClosed) not sent: !CanSend() || !mManager || !mManager-&gt;CanSend(): file /builds/worker/checkouts/gecko/dom/ipc/jsactor/JSWindowActorChild.cpp:57
[Child 39368, Main Thread] WARNING: JSWindowActorChild::SendRawMessage (Conduits, ConduitClosed) not sent: !CanSend() || !mManager || !mManager-&gt;CanSend(): file /builds/worker/checkouts/gecko/dom/ipc/jsactor/JSWindowActorChild.cpp:57
[Child 39368, Main Thread] WARNING: JSWindowActorChild::SendRawMessage (Conduits, ConduitClosed) not sent: !CanSend() || !mManager || !mManager-&gt;CanSend(): file /builds/worker/checkouts/gecko/dom/ipc/jsactor/JSWindowActorChild.cpp:57
[Child 39368, Main Thread] WARNING: JSWindowActorChild::SendRawMessage (Conduits, ConduitClosed) not sent: !CanSend() || !mManager || !mManager-&gt;CanSend(): file /builds/worker/checkouts/gecko/dom/ipc/jsactor/JSWindowActorChild.cpp:57
[Child 39368, Main Thread] WARNING: JSWindowActorChild::SendRawMessage (Conduits, ConduitClosed) not sent: !CanSend() || !mManager || !mManager-&gt;CanSend(): file /builds/worker/checkouts/gecko/dom/ipc/jsactor/JSWindowActorChild.cpp:57
[Child 39368, Main Thread] WARNING: JSWindowActorChild::SendRawMessage (Conduits, ConduitClosed) not sent: !CanSend() || !mManager || !mManager-&gt;CanSend(): file /builds/worker/checkouts/gecko/dom/ipc/jsactor/JSWindowActorChild.cpp:57
[Child 39368, Main Thread] WARNING: JSWindowActorChild::SendRawMessage (Conduits, ConduitClosed) not sent: !CanSend() || !mManager || !mManager-&gt;CanSend(): file /builds/worker/checkouts/gecko/dom/ipc/jsactor/JSWindowActorChild.cpp:57
Dynamically enable window occlusion 1
!!! error running onStopped callback: TypeError: callback is not a function
</system-err>
  </testcase>
  <testcase classname="Verify the Ansymo Web application" name="Verify Student Groups in Software Testing Course #4" time="6.001">
    <failure message="The student is not in any group" type="java.lang.AssertionError">java.lang.AssertionError: The student is not in any group
	at org.junit.Assert.fail(Assert.java:89)
	at org.junit.Assert.assertTrue(Assert.java:42)
	at org.junit.Assert.assertFalse(Assert.java:65)
	at stepdefinitions.BrowseCoursesSteps.theUserShouldBeInAStudentGroup(BrowseCoursesSteps.java:162)
	at ✽.the user should be in a student group(file:///C:/ST/AnsymoBDD2/src/test/resources/features/BrowseCourses.feature:28)
</failure>
    <system-out>
@CompleteTest @Exercise7
Scenario Outline: Verify Student Groups in Software Testing Course                           # src/test/resources/features/BrowseCourses.feature:35
------------------------------------------------------start of scenario------------------------------------------------------
  Given the user is on the Software Testing course page                                      # stepdefinitions.BrowseCoursesSteps.navigateToSoftwareTestingPage()
  When the user says that a student &quot; Thimoty Smet&quot; belongs to student group 1               # stepdefinitions.BrowseCoursesSteps.userInput(java.lang.String,java.lang.String)
  Then the user should be in a student group                                                 # stepdefinitions.BrowseCoursesSteps.theUserShouldBeInAStudentGroup()
      java.lang.AssertionError: The student is not in any group
	at org.junit.Assert.fail(Assert.java:89)
	at org.junit.Assert.assertTrue(Assert.java:42)
	at org.junit.Assert.assertFalse(Assert.java:65)
	at stepdefinitions.BrowseCoursesSteps.theUserShouldBeInAStudentGroup(BrowseCoursesSteps.java:162)
	at ✽.the user should be in a student group(file:///C:/ST/AnsymoBDD2/src/test/resources/features/BrowseCourses.feature:28)

  And the user should receive a warning when he does not belong to that student group number # stepdefinitions.BrowseCoursesSteps.theUserIsInThatStudentGroup()
------------------------------------------------------end of scenario------------------------------------------------------
</system-out>
    <system-err>1685194422440	geckodriver	INFO	Listening on 127.0.0.1:54496
1685194422529	mozrunner::runner	INFO	Running command: &quot;C:\\Program Files\\Mozilla Firefox\\firefox.exe&quot; &quot;--marionette&quot; &quot;-headless&quot; &quot;--remote-debugging-port&quot; &quot;6355 ... ow-origins&quot; &quot;http://localhost:63559/&quot; &quot;-no-remote&quot; &quot;-profile&quot; &quot;C:\\Users\\lunag\\AppData\\Local\\Temp\\rust_mozprofileWbItKO&quot;
*** You are running in headless mode.
console.warn: services.settings: Ignoring preference override of remote settings server
console.warn: services.settings: Allow by setting MOZ_REMOTE_SETTINGS_DEVTOOLS=1 in the environment
1685194423451	Marionette	INFO	Marionette enabled
Dynamically enable window occlusion 0
1685194423475	Marionette	INFO	Listening on port 50685
Read port: 50685
WebDriver BiDi listening on ws://127.0.0.1:63559
1685194423694	RemoteAgent	WARN	TLS certificate errors will be ignored for this session
[GFX1-]: RenderCompositorSWGL failed mapping default framebuffer, no dt
[ERROR glean_core] Error setting metrics feature config: Json(Error(&quot;EOF while parsing a value&quot;, line: 1, column: 0))
console.error: ({})
DevTools listening on ws://127.0.0.1:63559/devtools/browser/e2077dcb-4c9a-47f5-b28d-1305000c3600
mei 27, 2023 3:33:45 P.M. org.openqa.selenium.remote.ProtocolHandshake createSession
INFO: Detected upstream dialect: W3C
1685194426700	Marionette	INFO	Stopped listening on port 50685
[Child 19160, Main Thread] WARNING: JSWindowActorChild::SendRawMessage (Conduits, ConduitClosed) not sent: !CanSend() || !mManager || !mManager-&gt;CanSend(): file /builds/worker/checkouts/gecko/dom/ipc/jsactor/JSWindowActorChild.cpp:57
[Child 19160, Main Thread] WARNING: JSWindowActorChild::SendRawMessage (Conduits, ConduitClosed) not sent: !CanSend() || !mManager || !mManager-&gt;CanSend(): file /builds/worker/checkouts/gecko/dom/ipc/jsactor/JSWindowActorChild.cpp:57
[Child 19160, Main Thread] WARNING: JSWindowActorChild::SendRawMessage (Conduits, ConduitClosed) not sent: !CanSend() || !mManager || !mManager-&gt;CanSend(): file /builds/worker/checkouts/gecko/dom/ipc/jsactor/JSWindowActorChild.cpp:57
[Child 19160, Main Thread] WARNING: JSWindowActorChild::SendRawMessage (Conduits, ConduitClosed) not sent: !CanSend() || !mManager || !mManager-&gt;CanSend(): file /builds/worker/checkouts/gecko/dom/ipc/jsactor/JSWindowActorChild.cpp:57
[Child 19160, Main Thread] WARNING: JSWindowActorChild::SendRawMessage (Conduits, ConduitClosed) not sent: !CanSend() || !mManager || !mManager-&gt;CanSend(): file /builds/worker/checkouts/gecko/dom/ipc/jsactor/JSWindowActorChild.cpp:57
[Child 19160, Main Thread] WARNING: JSWindowActorChild::SendRawMessage (Conduits, ConduitClosed) not sent: !CanSend() || !mManager || !mManager-&gt;CanSend(): file /builds/worker/checkouts/gecko/dom/ipc/jsactor/JSWindowActorChild.cpp:57
[Child 19160, Main Thread] WARNING: JSWindowActorChild::SendRawMessage (Conduits, ConduitClosed) not sent: !CanSend() || !mManager || !mManager-&gt;CanSend(): file /builds/worker/checkouts/gecko/dom/ipc/jsactor/JSWindowActorChild.cpp:57
[Child 19160, Main Thread] WARNING: JSWindowActorChild::SendRawMessage (Conduits, ConduitClosed) not sent: !CanSend() || !mManager || !mManager-&gt;CanSend(): file /builds/worker/checkouts/gecko/dom/ipc/jsactor/JSWindowActorChild.cpp:57
Dynamically enable window occlusion 1
</system-err>
  </testcase>
  <testcase classname="Verify the Ansymo Web application" name="Verify Mandatory Presence of a student in Software Testing Course #1" time="5.226"/>
  <testcase classname="Verify the Ansymo Web application" name="Verify Mandatory Presence of a student in Software Testing Course #2" time="5.119"/>
  <testcase classname="Verify the Ansymo Web application" name="Verify Mandatory Presence of a student in Software Testing Course #3" time="5.754"/>
  <testcase classname="Verify the Ansymo Web application" name="Verify Mandatory Presence of a student in Software Testing Course #4" time="5.598"/>
</testsuite>