<?xml version="1.0" encoding="UTF-8" ?>
<testsuite tests="10" failures="1" name="runners.RunnerTest" time="92.813" errors="0" skipped="0">
  <properties>
[...]
</properties>
  <testcase classname="Verify the Ansymo Web application" name="Verify all courses from homepages (names and professors)" time="21.556">
    <failure message="Course Master thesis does not have a professor." type="java.lang.AssertionError">java.lang.AssertionError: Course Master thesis does not have a professor.
	at org.junit.Assert.fail(Assert.java:89)
	at org.junit.Assert.assertTrue(Assert.java:42)
	at org.junit.Assert.assertFalse(Assert.java:65)
	at pageObjects.CoursesPage.selectEachCourseAndVerifyDetails(CoursesPage.java:111)
	at stepdefinitions.BrowseCoursesSteps.verifyCourseAndProfessorNames(BrowseCoursesSteps.java:113)
	at ✽.for each course, there should be a page that is loaded and there should be a professor(file:///C:/ST/AnsymoBDD2/src/test/resources/features/BrowseCourses.feature:12)
</failure>
    <system-out>When using an old version of firefox, specify path to geckodriver in Configuration file.
This means there is a need for an additional geckodriver (such as installed in for windows 64 in the drivers directory). 
Adjust the code in WebDriverManager.java as follows:
add line: System.set.Property(webdriver.chrome.driver, FileReaderManager.getInstance().getConfigReader.getDriverPath()) before initializing new driver

@CompleteTest @Exercise5
Scenario Outline: Verify all courses from homepages (names and professors)                   # src/test/resources/features/BrowseCourses.feature:15
  Given the user is on the Ansymo homepage                                                   # stepdefinitions.BrowseCoursesSteps.navigateToHomepage()
  When the user clicks the &quot;Courses&quot; link in the menu section                                # stepdefinitions.BrowseCoursesSteps.clickCoursesLink(java.lang.String)
  Then the user should see a page with all the courses listed                                # stepdefinitions.BrowseCoursesSteps.verifyCoursesPage()
For the course Master thesis:
The professor(s) teaching this course is (are) : None
  And for each course, there should be a page that is loaded and there should be a professor # stepdefinitions.BrowseCoursesSteps.verifyCourseAndProfessorNames()
      java.lang.AssertionError: Course Master thesis does not have a professor.
	at org.junit.Assert.fail(Assert.java:89)
	at org.junit.Assert.assertTrue(Assert.java:42)
	at org.junit.Assert.assertFalse(Assert.java:65)
	at pageObjects.CoursesPage.selectEachCourseAndVerifyDetails(CoursesPage.java:111)
	at stepdefinitions.BrowseCoursesSteps.verifyCourseAndProfessorNames(BrowseCoursesSteps.java:113)
	at ✽.for each course, there should be a page that is loaded and there should be a professor(file:///C:/ST/AnsymoBDD2/src/test/resources/features/BrowseCourses.feature:12)

</system-out>
  </testcase>
  <testcase classname="Verify the Ansymo Web application" name="Verify Assignment Links in Software Testing Course" time="8.902"/>
  <testcase classname="Verify the Ansymo Web application" name="Verify Student Groups in Software Testing Course #1" time="7.139"/>
  <testcase classname="Verify the Ansymo Web application" name="Verify Student Groups in Software Testing Course #2" time="7.769"/>
  <testcase classname="Verify the Ansymo Web application" name="Verify Student Groups in Software Testing Course #3" time="7.03"/>
  <testcase classname="Verify the Ansymo Web application" name="Verify Student Groups in Software Testing Course #4" time="8.894"/>
  <testcase classname="Verify the Ansymo Web application" name="Verify Mandatory Presence of a student in Software Testing Course #1" time="8.47"/>
  <testcase classname="Verify the Ansymo Web application" name="Verify Mandatory Presence of a student in Software Testing Course #2" time="8.182"/>
  <testcase classname="Verify the Ansymo Web application" name="Verify Mandatory Presence of a student in Software Testing Course #3" time="7.018"/>
  <testcase classname="Verify the Ansymo Web application" name="Verify Mandatory Presence of a student in Software Testing Course #4" time="7.853"/>
</testsuite>