<?xml version="1.0" encoding="UTF-8" ?>
<testsuite tests="10" failures="5" name="runners.RunnerTest" time="68.268" errors="0" skipped="0">
  <properties>
[...]
</properties>
  <testcase classname="Verify the Ansymo Web application" name="Verify all courses from homepages (names and professors)" time="19.737">
    <failure message="Course Master thesis does not have a professor." type="java.lang.AssertionError">java.lang.AssertionError: Course Master thesis does not have a professor.
	at org.junit.Assert.fail(Assert.java:89)
	at org.junit.Assert.assertTrue(Assert.java:42)
	at org.junit.Assert.assertFalse(Assert.java:65)
	at pageObjects.CoursesPage.selectEachCourseAndVerifyDetails(CoursesPage.java:107)
	at stepdefinitions.BrowseCoursesSteps.verifyCourseAndProfessorNames(BrowseCoursesSteps.java:106)
	at ✽.for each course, there should be a page that is loaded and there should be a professor(file:///C:/ST/AnsymoBDD2/src/test/resources/features/BrowseCourses.feature:12)
</failure>
    <system-out>When using an old version of firefox, specify path to geckodriver in Configuration file.
This means there is a need for an additional geckodriver (such as installed in for windows 64 in the drivers directory). 
Adjust the code in WebDriverManager.java as follows:
add line: System.set.Property(webdriver.chrome.driver; FileReaderManager.getInstance().getConfigReader.getDriverPath()) before initializing new driver

@CompleteTest @Exercise5
Scenario Outline: Verify all courses from homepages (names and professors)                   # src/test/resources/features/BrowseCourses.feature:15
------------------------------------------------------start of scenario------------------------------------------------------
  Given the user is on the Ansymo homepage                                                   # stepdefinitions.BrowseCoursesSteps.navigateToHomepage()
  When the user clicks the &quot;Courses&quot; link in the menu section                                # stepdefinitions.BrowseCoursesSteps.clickCoursesLink(java.lang.String)
  Then the user should see a page with all the courses listed                                # stepdefinitions.BrowseCoursesSteps.verifyCoursesPage()
For the course Master thesis:
The professor(s), if any, is :[]
  And for each course, there should be a page that is loaded and there should be a professor # stepdefinitions.BrowseCoursesSteps.verifyCourseAndProfessorNames()
      java.lang.AssertionError: Course Master thesis does not have a professor.
	at org.junit.Assert.fail(Assert.java:89)
	at org.junit.Assert.assertTrue(Assert.java:42)
	at org.junit.Assert.assertFalse(Assert.java:65)
	at pageObjects.CoursesPage.selectEachCourseAndVerifyDetails(CoursesPage.java:107)
	at stepdefinitions.BrowseCoursesSteps.verifyCourseAndProfessorNames(BrowseCoursesSteps.java:106)
	at ✽.for each course, there should be a page that is loaded and there should be a professor(file:///C:/ST/AnsymoBDD2/src/test/resources/features/BrowseCourses.feature:12)

------------------------------------------------------end of scenario------------------------------------------------------
</system-out>
    <system-err>SLF4J: Failed to load class &quot;org.slf4j.impl.StaticLoggerBinder&quot;.
SLF4J: Defaulting to no-operation (NOP) logger implementation
SLF4J: See http://www.slf4j.org/codes.html#StaticLoggerBinder for further details.
1685140563536	geckodriver	INFO	Listening on 127.0.0.1:58395
1685140564143	mozrunner::runner	INFO	Running command: &quot;C:\\Program Files\\Mozilla Firefox\\firefox.exe&quot; &quot;--marionette&quot; &quot;-headless&quot; &quot;--remote-debugging-port&quot; &quot;6520 ... ow-origins&quot; &quot;http://localhost:65202/&quot; &quot;-no-remote&quot; &quot;-profile&quot; &quot;C:\\Users\\lunag\\AppData\\Local\\Temp\\rust_mozprofileGsbo9N&quot;
*** You are running in headless mode.
console.warn: services.settings: Ignoring preference override of remote settings server
console.warn: services.settings: Allow by setting MOZ_REMOTE_SETTINGS_DEVTOOLS=1 in the environment
1685140564895	Marionette	INFO	Marionette enabled
Dynamically enable window occlusion 0
1685140564909	Marionette	INFO	Listening on port 53943
Read port: 53943
WebDriver BiDi listening on ws://127.0.0.1:65202
1685140565115	RemoteAgent	WARN	TLS certificate errors will be ignored for this session
[GFX1-]: RenderCompositorSWGL failed mapping default framebuffer, no dt
[ERROR glean_core] Error setting metrics feature config: Json(Error(&quot;EOF while parsing a value&quot;, line: 1, column: 0))
console.error: ({})
DevTools listening on ws://127.0.0.1:65202/devtools/browser/7def9396-c112-47e1-8a3a-4d50fa57a022
mei 27, 2023 12:36:07 A.M. org.openqa.selenium.remote.ProtocolHandshake createSession
INFO: Detected upstream dialect: W3C
1685140580389	Marionette	INFO	Stopped listening on port 53943
[Child 23432, Main Thread] WARNING: JSWindowActorChild::SendRawMessage (Conduits, ConduitClosed) not sent: !CanSend() || !mManager || !mManager-&gt;CanSend(): file /builds/worker/checkouts/gecko/dom/ipc/jsactor/JSWindowActorChild.cpp:57
[Child 23432, Main Thread] WARNING: JSWindowActorChild::SendRawMessage (Conduits, ConduitClosed) not sent: !CanSend() || !mManager || !mManager-&gt;CanSend(): file /builds/worker/checkouts/gecko/dom/ipc/jsactor/JSWindowActorChild.cpp:57
[Child 23432, Main Thread] WARNING: JSWindowActorChild::SendRawMessage (Conduits, ConduitClosed) not sent: !CanSend() || !mManager || !mManager-&gt;CanSend(): file /builds/worker/checkouts/gecko/dom/ipc/jsactor/JSWindowActorChild.cpp:57
[Child 23432, Main Thread] WARNING: JSWindowActorChild::SendRawMessage (Conduits, ConduitClosed) not sent: !CanSend() || !mManager || !mManager-&gt;CanSend(): file /builds/worker/checkouts/gecko/dom/ipc/jsactor/JSWindowActorChild.cpp:57
[Child 23432, Main Thread] WARNING: JSWindowActorChild::SendRawMessage (Conduits, ConduitClosed) not sent: !CanSend() || !mManager || !mManager-&gt;CanSend(): file /builds/worker/checkouts/gecko/dom/ipc/jsactor/JSWindowActorChild.cpp:57
[Child 23432, Main Thread] WARNING: JSWindowActorChild::SendRawMessage (Conduits, ConduitClosed) not sent: !CanSend() || !mManager || !mManager-&gt;CanSend(): file /builds/worker/checkouts/gecko/dom/ipc/jsactor/JSWindowActorChild.cpp:57
[Child 23432, Main Thread] WARNING: JSWindowActorChild::SendRawMessage (Conduits, ConduitClosed) not sent: !CanSend() || !mManager || !mManager-&gt;CanSend(): file /builds/worker/checkouts/gecko/dom/ipc/jsactor/JSWindowActorChild.cpp:57
[Child 23432, Main Thread] WARNING: JSWindowActorChild::SendRawMessage (Conduits, ConduitClosed) not sent: !CanSend() || !mManager || !mManager-&gt;CanSend(): file /builds/worker/checkouts/gecko/dom/ipc/jsactor/JSWindowActorChild.cpp:57
Dynamically enable window occlusion 1
</system-err>
  </testcase>
  <testcase classname="Verify the Ansymo Web application" name="Verify Assignment Links in Software Testing Course" time="6.606"/>
  <testcase classname="Verify the Ansymo Web application" name="Verify Student Groups in Software Testing Course #1" time="5.871">
    <failure message="The student is not in any group" type="java.lang.AssertionError">java.lang.AssertionError: The student is not in any group
	at org.junit.Assert.fail(Assert.java:89)
	at org.junit.Assert.assertTrue(Assert.java:42)
	at org.junit.Assert.assertFalse(Assert.java:65)
	at stepdefinitions.BrowseCoursesSteps.theUserShouldBeInAStudentGroup(BrowseCoursesSteps.java:162)
	at ✽.the user should be in a student group(file:///C:/ST/AnsymoBDD2/src/test/resources/features/BrowseCourses.feature:28)
</failure>
    <system-out>
@CompleteTest @Exercise7
Scenario Outline: Verify Student Groups in Software Testing Course                           # src/test/resources/features/BrowseCourses.feature:32
------------------------------------------------------start of scenario------------------------------------------------------
  Given the user is on the Software Testing course page                                      # stepdefinitions.BrowseCoursesSteps.navigateToSoftwareTestingPage()
  When the user says that a student &quot;Luna Geens&quot; belongs to student group 1                  # stepdefinitions.BrowseCoursesSteps.userInput(java.lang.String,java.lang.String)
  Then the user should be in a student group                                                 # stepdefinitions.BrowseCoursesSteps.theUserShouldBeInAStudentGroup()
      java.lang.AssertionError: The student is not in any group
	at org.junit.Assert.fail(Assert.java:89)
	at org.junit.Assert.assertTrue(Assert.java:42)
	at org.junit.Assert.assertFalse(Assert.java:65)
	at stepdefinitions.BrowseCoursesSteps.theUserShouldBeInAStudentGroup(BrowseCoursesSteps.java:162)
	at ✽.the user should be in a student group(file:///C:/ST/AnsymoBDD2/src/test/resources/features/BrowseCourses.feature:28)

  And the user should receive a warning when he does not belong to that student group number # stepdefinitions.BrowseCoursesSteps.theUserIsInThatStudentGroup()
------------------------------------------------------end of scenario------------------------------------------------------
</system-out>
    <system-err>1685140588602	geckodriver	INFO	Listening on 127.0.0.1:65252
1685140588684	mozrunner::runner	INFO	Running command: &quot;C:\\Program Files\\Mozilla Firefox\\firefox.exe&quot; &quot;--marionette&quot; &quot;-headless&quot; &quot;--remote-debugging-port&quot; &quot;5990 ... ow-origins&quot; &quot;http://localhost:59904/&quot; &quot;-no-remote&quot; &quot;-profile&quot; &quot;C:\\Users\\lunag\\AppData\\Local\\Temp\\rust_mozprofileGHiHrm&quot;
*** You are running in headless mode.
console.warn: services.settings: Ignoring preference override of remote settings server
console.warn: services.settings: Allow by setting MOZ_REMOTE_SETTINGS_DEVTOOLS=1 in the environment
1685140589469	Marionette	INFO	Marionette enabled
Dynamically enable window occlusion 0
1685140589483	Marionette	INFO	Listening on port 54257
Read port: 54257
WebDriver BiDi listening on ws://127.0.0.1:59904
1685140589706	RemoteAgent	WARN	TLS certificate errors will be ignored for this session
[GFX1-]: RenderCompositorSWGL failed mapping default framebuffer, no dt
[ERROR glean_core] Error setting metrics feature config: Json(Error(&quot;EOF while parsing a value&quot;, line: 1, column: 0))
console.error: ({})
DevTools listening on ws://127.0.0.1:59904/devtools/browser/d2d90f3a-a0f4-4cc5-8976-57bce2e1f2a1
mei 27, 2023 12:36:32 A.M. org.openqa.selenium.remote.ProtocolHandshake createSession
INFO: Detected upstream dialect: W3C
1685140592992	Marionette	INFO	Stopped listening on port 54257
[Child 27308, Main Thread] WARNING: JSWindowActorChild::SendRawMessage (Conduits, ConduitClosed) not sent: !CanSend() || !mManager || !mManager-&gt;CanSend(): file /builds/worker/checkouts/gecko/dom/ipc/jsactor/JSWindowActorChild.cpp:57
[Child 27308, Main Thread] WARNING: JSWindowActorChild::SendRawMessage (Conduits, ConduitClosed) not sent: !CanSend() || !mManager || !mManager-&gt;CanSend(): file /builds/worker/checkouts/gecko/dom/ipc/jsactor/JSWindowActorChild.cpp:57
[Child 27308, Main Thread] WARNING: JSWindowActorChild::SendRawMessage (Conduits, ConduitClosed) not sent: !CanSend() || !mManager || !mManager-&gt;CanSend(): file /builds/worker/checkouts/gecko/dom/ipc/jsactor/JSWindowActorChild.cpp:57
[Child 27308, Main Thread] WARNING: JSWindowActorChild::SendRawMessage (Conduits, ConduitClosed) not sent: !CanSend() || !mManager || !mManager-&gt;CanSend(): file /builds/worker/checkouts/gecko/dom/ipc/jsactor/JSWindowActorChild.cpp:57
[Child 27308, Main Thread] WARNING: JSWindowActorChild::SendRawMessage (Conduits, ConduitClosed) not sent: !CanSend() || !mManager || !mManager-&gt;CanSend(): file /builds/worker/checkouts/gecko/dom/ipc/jsactor/JSWindowActorChild.cpp:57
[Child 27308, Main Thread] WARNING: JSWindowActorChild::SendRawMessage (Conduits, ConduitClosed) not sent: !CanSend() || !mManager || !mManager-&gt;CanSend(): file /builds/worker/checkouts/gecko/dom/ipc/jsactor/JSWindowActorChild.cpp:57
[Child 27308, Main Thread] WARNING: JSWindowActorChild::SendRawMessage (Conduits, ConduitClosed) not sent: !CanSend() || !mManager || !mManager-&gt;CanSend(): file /builds/worker/checkouts/gecko/dom/ipc/jsactor/JSWindowActorChild.cpp:57
[Child 27308, Main Thread] WARNING: JSWindowActorChild::SendRawMessage (Conduits, ConduitClosed) not sent: !CanSend() || !mManager || !mManager-&gt;CanSend(): file /builds/worker/checkouts/gecko/dom/ipc/jsactor/JSWindowActorChild.cpp:57
Dynamically enable window occlusion 1
</system-err>
  </testcase>
  <testcase classname="Verify the Ansymo Web application" name="Verify Student Groups in Software Testing Course #2" time="4.905">
    <failure message="The student is not in any group" type="java.lang.AssertionError">java.lang.AssertionError: The student is not in any group
	at org.junit.Assert.fail(Assert.java:89)
	at org.junit.Assert.assertTrue(Assert.java:42)
	at org.junit.Assert.assertFalse(Assert.java:65)
	at stepdefinitions.BrowseCoursesSteps.theUserShouldBeInAStudentGroup(BrowseCoursesSteps.java:162)
	at ✽.the user should be in a student group(file:///C:/ST/AnsymoBDD2/src/test/resources/features/BrowseCourses.feature:28)
</failure>
    <system-out>
@CompleteTest @Exercise7
Scenario Outline: Verify Student Groups in Software Testing Course                           # src/test/resources/features/BrowseCourses.feature:33
------------------------------------------------------start of scenario------------------------------------------------------
  Given the user is on the Software Testing course page                                      # stepdefinitions.BrowseCoursesSteps.navigateToSoftwareTestingPage()
  When the user says that a student &quot;Luna Geens&quot; belongs to student group 2                  # stepdefinitions.BrowseCoursesSteps.userInput(java.lang.String,java.lang.String)
  Then the user should be in a student group                                                 # stepdefinitions.BrowseCoursesSteps.theUserShouldBeInAStudentGroup()
      java.lang.AssertionError: The student is not in any group
	at org.junit.Assert.fail(Assert.java:89)
	at org.junit.Assert.assertTrue(Assert.java:42)
	at org.junit.Assert.assertFalse(Assert.java:65)
	at stepdefinitions.BrowseCoursesSteps.theUserShouldBeInAStudentGroup(BrowseCoursesSteps.java:162)
	at ✽.the user should be in a student group(file:///C:/ST/AnsymoBDD2/src/test/resources/features/BrowseCourses.feature:28)

  And the user should receive a warning when he does not belong to that student group number # stepdefinitions.BrowseCoursesSteps.theUserIsInThatStudentGroup()
------------------------------------------------------end of scenario------------------------------------------------------
</system-out>
    <system-err>1685140594446	geckodriver	INFO	Listening on 127.0.0.1:55427
1685140594491	mozrunner::runner	INFO	Running command: &quot;C:\\Program Files\\Mozilla Firefox\\firefox.exe&quot; &quot;--marionette&quot; &quot;-headless&quot; &quot;--remote-debugging-port&quot; &quot;5038 ... ow-origins&quot; &quot;http://localhost:50387/&quot; &quot;-no-remote&quot; &quot;-profile&quot; &quot;C:\\Users\\lunag\\AppData\\Local\\Temp\\rust_mozprofileXVAkvU&quot;
*** You are running in headless mode.
console.warn: services.settings: Ignoring preference override of remote settings server
console.warn: services.settings: Allow by setting MOZ_REMOTE_SETTINGS_DEVTOOLS=1 in the environment
1685140595067	Marionette	INFO	Marionette enabled
Dynamically enable window occlusion 0
1685140595078	Marionette	INFO	Listening on port 54358
Read port: 54358
WebDriver BiDi listening on ws://127.0.0.1:50387
1685140595257	RemoteAgent	WARN	TLS certificate errors will be ignored for this session
[GFX1-]: RenderCompositorSWGL failed mapping default framebuffer, no dt
[ERROR glean_core] Error setting metrics feature config: Json(Error(&quot;EOF while parsing a value&quot;, line: 1, column: 0))
console.error: ({})
DevTools listening on ws://127.0.0.1:50387/devtools/browser/07f5bcfc-0cdb-45ed-b0a3-dd8b63b87896
mei 27, 2023 12:36:36 A.M. org.openqa.selenium.remote.ProtocolHandshake createSession
INFO: Detected upstream dialect: W3C
1685140597968	Marionette	INFO	Stopped listening on port 54358
[Child 48948, Main Thread] WARNING: JSWindowActorChild::SendRawMessage (Conduits, ConduitClosed) not sent: !CanSend() || !mManager || !mManager-&gt;CanSend(): file /builds/worker/checkouts/gecko/dom/ipc/jsactor/JSWindowActorChild.cpp:57
[Child 48948, Main Thread] WARNING: JSWindowActorChild::SendRawMessage (Conduits, ConduitClosed) not sent: !CanSend() || !mManager || !mManager-&gt;CanSend(): file /builds/worker/checkouts/gecko/dom/ipc/jsactor/JSWindowActorChild.cpp:57
[Child 48948, Main Thread] WARNING: JSWindowActorChild::SendRawMessage (Conduits, ConduitClosed) not sent: !CanSend() || !mManager || !mManager-&gt;CanSend(): file /builds/worker/checkouts/gecko/dom/ipc/jsactor/JSWindowActorChild.cpp:57
[Child 48948, Main Thread] WARNING: JSWindowActorChild::SendRawMessage (Conduits, ConduitClosed) not sent: !CanSend() || !mManager || !mManager-&gt;CanSend(): file /builds/worker/checkouts/gecko/dom/ipc/jsactor/JSWindowActorChild.cpp:57
[Child 48948, Main Thread] WARNING: JSWindowActorChild::SendRawMessage (Conduits, ConduitClosed) not sent: !CanSend() || !mManager || !mManager-&gt;CanSend(): file /builds/worker/checkouts/gecko/dom/ipc/jsactor/JSWindowActorChild.cpp:57
[Child 48948, Main Thread] WARNING: JSWindowActorChild::SendRawMessage (Conduits, ConduitClosed) not sent: !CanSend() || !mManager || !mManager-&gt;CanSend(): file /builds/worker/checkouts/gecko/dom/ipc/jsactor/JSWindowActorChild.cpp:57
[Child 48948, Main Thread] WARNING: JSWindowActorChild::SendRawMessage (Conduits, ConduitClosed) not sent: !CanSend() || !mManager || !mManager-&gt;CanSend(): file /builds/worker/checkouts/gecko/dom/ipc/jsactor/JSWindowActorChild.cpp:57
[Child 48948, Main Thread] WARNING: JSWindowActorChild::SendRawMessage (Conduits, ConduitClosed) not sent: !CanSend() || !mManager || !mManager-&gt;CanSend(): file /builds/worker/checkouts/gecko/dom/ipc/jsactor/JSWindowActorChild.cpp:57
Dynamically enable window occlusion 1
</system-err>
  </testcase>
  <testcase classname="Verify the Ansymo Web application" name="Verify Student Groups in Software Testing Course #3" time="5.086">
    <failure message="The student is not in any group" type="java.lang.AssertionError">java.lang.AssertionError: The student is not in any group
	at org.junit.Assert.fail(Assert.java:89)
	at org.junit.Assert.assertTrue(Assert.java:42)
	at org.junit.Assert.assertFalse(Assert.java:65)
	at stepdefinitions.BrowseCoursesSteps.theUserShouldBeInAStudentGroup(BrowseCoursesSteps.java:162)
	at ✽.the user should be in a student group(file:///C:/ST/AnsymoBDD2/src/test/resources/features/BrowseCourses.feature:28)
</failure>
    <system-out>
@CompleteTest @Exercise7
Scenario Outline: Verify Student Groups in Software Testing Course                           # src/test/resources/features/BrowseCourses.feature:34
------------------------------------------------------start of scenario------------------------------------------------------
  Given the user is on the Software Testing course page                                      # stepdefinitions.BrowseCoursesSteps.navigateToSoftwareTestingPage()
  When the user says that a student &quot;Luna Geens&quot; belongs to student group 3                  # stepdefinitions.BrowseCoursesSteps.userInput(java.lang.String,java.lang.String)
  Then the user should be in a student group                                                 # stepdefinitions.BrowseCoursesSteps.theUserShouldBeInAStudentGroup()
      java.lang.AssertionError: The student is not in any group
	at org.junit.Assert.fail(Assert.java:89)
	at org.junit.Assert.assertTrue(Assert.java:42)
	at org.junit.Assert.assertFalse(Assert.java:65)
	at stepdefinitions.BrowseCoursesSteps.theUserShouldBeInAStudentGroup(BrowseCoursesSteps.java:162)
	at ✽.the user should be in a student group(file:///C:/ST/AnsymoBDD2/src/test/resources/features/BrowseCourses.feature:28)

  And the user should receive a warning when he does not belong to that student group number # stepdefinitions.BrowseCoursesSteps.theUserIsInThatStudentGroup()
------------------------------------------------------end of scenario------------------------------------------------------
</system-out>
    <system-err>1685140599330	geckodriver	INFO	Listening on 127.0.0.1:52467
1685140599390	mozrunner::runner	INFO	Running command: &quot;C:\\Program Files\\Mozilla Firefox\\firefox.exe&quot; &quot;--marionette&quot; &quot;-headless&quot; &quot;--remote-debugging-port&quot; &quot;5751 ... ow-origins&quot; &quot;http://localhost:57513/&quot; &quot;-no-remote&quot; &quot;-profile&quot; &quot;C:\\Users\\lunag\\AppData\\Local\\Temp\\rust_mozprofileMa1dhm&quot;
*** You are running in headless mode.
console.warn: services.settings: Ignoring preference override of remote settings server
console.warn: services.settings: Allow by setting MOZ_REMOTE_SETTINGS_DEVTOOLS=1 in the environment
1685140599958	Marionette	INFO	Marionette enabled
Dynamically enable window occlusion 0
1685140599970	Marionette	INFO	Listening on port 54428
Read port: 54428
WebDriver BiDi listening on ws://127.0.0.1:57513
1685140600146	RemoteAgent	WARN	TLS certificate errors will be ignored for this session
[GFX1-]: RenderCompositorSWGL failed mapping default framebuffer, no dt
[ERROR glean_core] Error setting metrics feature config: Json(Error(&quot;EOF while parsing a value&quot;, line: 1, column: 0))
console.error: ({})
DevTools listening on ws://127.0.0.1:57513/devtools/browser/c32520d5-5446-486c-9dc8-d5082113c040
mei 27, 2023 12:36:42 A.M. org.openqa.selenium.remote.ProtocolHandshake createSession
INFO: Detected upstream dialect: W3C
1685140603102	Marionette	INFO	Stopped listening on port 54428
[Child 12716, Main Thread] WARNING: JSWindowActorChild::SendRawMessage (Conduits, ConduitClosed) not sent: !CanSend() || !mManager || !mManager-&gt;CanSend(): file /builds/worker/checkouts/gecko/dom/ipc/jsactor/JSWindowActorChild.cpp:57
[Child 12716, Main Thread] WARNING: JSWindowActorChild::SendRawMessage (Conduits, ConduitClosed) not sent: !CanSend() || !mManager || !mManager-&gt;CanSend(): file /builds/worker/checkouts/gecko/dom/ipc/jsactor/JSWindowActorChild.cpp:57
[Child 12716, Main Thread] WARNING: JSWindowActorChild::SendRawMessage (Conduits, ConduitClosed) not sent: !CanSend() || !mManager || !mManager-&gt;CanSend(): file /builds/worker/checkouts/gecko/dom/ipc/jsactor/JSWindowActorChild.cpp:57
[Child 12716, Main Thread] WARNING: JSWindowActorChild::SendRawMessage (Conduits, ConduitClosed) not sent: !CanSend() || !mManager || !mManager-&gt;CanSend(): file /builds/worker/checkouts/gecko/dom/ipc/jsactor/JSWindowActorChild.cpp:57
[Child 12716, Main Thread] WARNING: JSWindowActorChild::SendRawMessage (Conduits, ConduitClosed) not sent: !CanSend() || !mManager || !mManager-&gt;CanSend(): file /builds/worker/checkouts/gecko/dom/ipc/jsactor/JSWindowActorChild.cpp:57
[Child 12716, Main Thread] WARNING: JSWindowActorChild::SendRawMessage (Conduits, ConduitClosed) not sent: !CanSend() || !mManager || !mManager-&gt;CanSend(): file /builds/worker/checkouts/gecko/dom/ipc/jsactor/JSWindowActorChild.cpp:57
[Child 12716, Main Thread] WARNING: JSWindowActorChild::SendRawMessage (Conduits, ConduitClosed) not sent: !CanSend() || !mManager || !mManager-&gt;CanSend(): file /builds/worker/checkouts/gecko/dom/ipc/jsactor/JSWindowActorChild.cpp:57
[Child 12716, Main Thread] WARNING: JSWindowActorChild::SendRawMessage (Conduits, ConduitClosed) not sent: !CanSend() || !mManager || !mManager-&gt;CanSend(): file /builds/worker/checkouts/gecko/dom/ipc/jsactor/JSWindowActorChild.cpp:57
Dynamically enable window occlusion 1
</system-err>
  </testcase>
  <testcase classname="Verify the Ansymo Web application" name="Verify Student Groups in Software Testing Course #4" time="5.05">
    <failure message="The student is not in any group" type="java.lang.AssertionError">java.lang.AssertionError: The student is not in any group
	at org.junit.Assert.fail(Assert.java:89)
	at org.junit.Assert.assertTrue(Assert.java:42)
	at org.junit.Assert.assertFalse(Assert.java:65)
	at stepdefinitions.BrowseCoursesSteps.theUserShouldBeInAStudentGroup(BrowseCoursesSteps.java:162)
	at ✽.the user should be in a student group(file:///C:/ST/AnsymoBDD2/src/test/resources/features/BrowseCourses.feature:28)
</failure>
    <system-out>
@CompleteTest @Exercise7
Scenario Outline: Verify Student Groups in Software Testing Course                           # src/test/resources/features/BrowseCourses.feature:35
------------------------------------------------------start of scenario------------------------------------------------------
  Given the user is on the Software Testing course page                                      # stepdefinitions.BrowseCoursesSteps.navigateToSoftwareTestingPage()
  When the user says that a student &quot; Thimoty Smet&quot; belongs to student group 1               # stepdefinitions.BrowseCoursesSteps.userInput(java.lang.String,java.lang.String)
  Then the user should be in a student group                                                 # stepdefinitions.BrowseCoursesSteps.theUserShouldBeInAStudentGroup()
      java.lang.AssertionError: The student is not in any group
	at org.junit.Assert.fail(Assert.java:89)
	at org.junit.Assert.assertTrue(Assert.java:42)
	at org.junit.Assert.assertFalse(Assert.java:65)
	at stepdefinitions.BrowseCoursesSteps.theUserShouldBeInAStudentGroup(BrowseCoursesSteps.java:162)
	at ✽.the user should be in a student group(file:///C:/ST/AnsymoBDD2/src/test/resources/features/BrowseCourses.feature:28)

  And the user should receive a warning when he does not belong to that student group number # stepdefinitions.BrowseCoursesSteps.theUserIsInThatStudentGroup()
------------------------------------------------------end of scenario------------------------------------------------------
</system-out>
    <system-err>1685140604412	geckodriver	INFO	Listening on 127.0.0.1:49228
1685140604478	mozrunner::runner	INFO	Running command: &quot;C:\\Program Files\\Mozilla Firefox\\firefox.exe&quot; &quot;--marionette&quot; &quot;-headless&quot; &quot;--remote-debugging-port&quot; &quot;5661 ... ow-origins&quot; &quot;http://localhost:56613/&quot; &quot;-no-remote&quot; &quot;-profile&quot; &quot;C:\\Users\\lunag\\AppData\\Local\\Temp\\rust_mozprofileJU8gyX&quot;
*** You are running in headless mode.
console.warn: services.settings: Ignoring preference override of remote settings server
console.warn: services.settings: Allow by setting MOZ_REMOTE_SETTINGS_DEVTOOLS=1 in the environment
1685140605044	Marionette	INFO	Marionette enabled
Dynamically enable window occlusion 0
1685140605056	Marionette	INFO	Listening on port 54481
Read port: 54481
WebDriver BiDi listening on ws://127.0.0.1:56613
1685140605233	RemoteAgent	WARN	TLS certificate errors will be ignored for this session
[GFX1-]: RenderCompositorSWGL failed mapping default framebuffer, no dt
[ERROR glean_core] Error setting metrics feature config: Json(Error(&quot;EOF while parsing a value&quot;, line: 1, column: 0))
console.error: ({})
DevTools listening on ws://127.0.0.1:56613/devtools/browser/5717ff77-8231-4767-8cb2-ae191c939493
mei 27, 2023 12:36:47 A.M. org.openqa.selenium.remote.ProtocolHandshake createSession
INFO: Detected upstream dialect: W3C
1685140608046	Marionette	INFO	Stopped listening on port 54481
[Child 50112, Main Thread] WARNING: JSWindowActorChild::SendRawMessage (Conduits, ConduitClosed) not sent: !CanSend() || !mManager || !mManager-&gt;CanSend(): file /builds/worker/checkouts/gecko/dom/ipc/jsactor/JSWindowActorChild.cpp:57
[Child 50112, Main Thread] WARNING: JSWindowActorChild::SendRawMessage (Conduits, ConduitClosed) not sent: !CanSend() || !mManager || !mManager-&gt;CanSend(): file /builds/worker/checkouts/gecko/dom/ipc/jsactor/JSWindowActorChild.cpp:57
[Child 50112, Main Thread] WARNING: JSWindowActorChild::SendRawMessage (Conduits, ConduitClosed) not sent: !CanSend() || !mManager || !mManager-&gt;CanSend(): file /builds/worker/checkouts/gecko/dom/ipc/jsactor/JSWindowActorChild.cpp:57
[Child 50112, Main Thread] WARNING: JSWindowActorChild::SendRawMessage (Conduits, ConduitClosed) not sent: !CanSend() || !mManager || !mManager-&gt;CanSend(): file /builds/worker/checkouts/gecko/dom/ipc/jsactor/JSWindowActorChild.cpp:57
[Child 50112, Main Thread] WARNING: JSWindowActorChild::SendRawMessage (Conduits, ConduitClosed) not sent: !CanSend() || !mManager || !mManager-&gt;CanSend(): file /builds/worker/checkouts/gecko/dom/ipc/jsactor/JSWindowActorChild.cpp:57
[Child 50112, Main Thread] WARNING: JSWindowActorChild::SendRawMessage (Conduits, ConduitClosed) not sent: !CanSend() || !mManager || !mManager-&gt;CanSend(): file /builds/worker/checkouts/gecko/dom/ipc/jsactor/JSWindowActorChild.cpp:57
[Child 50112, Main Thread] WARNING: JSWindowActorChild::SendRawMessage (Conduits, ConduitClosed) not sent: !CanSend() || !mManager || !mManager-&gt;CanSend(): file /builds/worker/checkouts/gecko/dom/ipc/jsactor/JSWindowActorChild.cpp:57
[Child 50112, Main Thread] WARNING: JSWindowActorChild::SendRawMessage (Conduits, ConduitClosed) not sent: !CanSend() || !mManager || !mManager-&gt;CanSend(): file /builds/worker/checkouts/gecko/dom/ipc/jsactor/JSWindowActorChild.cpp:57
Dynamically enable window occlusion 1
</system-err>
  </testcase>
  <testcase classname="Verify the Ansymo Web application" name="Verify Mandatory Presence of a student in Software Testing Course #1" time="5.152"/>
  <testcase classname="Verify the Ansymo Web application" name="Verify Mandatory Presence of a student in Software Testing Course #2" time="5.503"/>
  <testcase classname="Verify the Ansymo Web application" name="Verify Mandatory Presence of a student in Software Testing Course #3" time="5.281"/>
  <testcase classname="Verify the Ansymo Web application" name="Verify Mandatory Presence of a student in Software Testing Course #4" time="5.077"/>
</testsuite>