-------------------------------------------------------------------------------
Test set: Verify the Ansymo Web application - Verify all courses from homepages (names and professors) - Examples
-------------------------------------------------------------------------------
Tests run: 1, Failures: 1, Errors: 0, Skipped: 0, Time elapsed: 24.441 s <<< FAILURE! - in Verify the Ansymo Web application - Verify all courses from homepages (names and professors) - Examples
Verify the Ansymo Web application - Verify all courses from homepages {names and professors} - Examples - Example #1.1  Time elapsed: 24.434 s  <<< FAILURE!
org.opentest4j.AssertionFailedError: The course Master thesis has no professor. ==> expected: <true> but was: <false>

